2026-02-08 21:27:45,497 - INFO - Loading dataset from /Users/maxghenis/policyengine-us-data/policyengine_us_data/storage/extended_cps_2024.h5
2026-02-08 21:27:45,722 - INFO - Loaded 111524 households
2026-02-08 21:27:45,722 - INFO - Assigning geography: 111524 x 130 = 14498120
2026-02-08 21:28:01,285 - INFO - Building unified matrix: 37749 targets, 14498120 total columns (111524 records x 130 clones)
2026-02-08 21:28:37,011 - INFO - Processing clone 1 / 130 (cols 0-111523, 50 unique states)...
2026-02-08 21:29:37,941 - INFO - Processing clone 2 / 130 (cols 111524-223047, 50 unique states)...
2026-02-08 21:30:35,943 - INFO - Processing clone 3 / 130 (cols 223048-334571, 50 unique states)...
2026-02-08 21:31:36,810 - INFO - Processing clone 4 / 130 (cols 334572-446095, 50 unique states)...
2026-02-08 21:32:37,277 - INFO - Processing clone 5 / 130 (cols 446096-557619, 50 unique states)...
2026-02-08 21:33:37,835 - INFO - Processing clone 6 / 130 (cols 557620-669143, 50 unique states)...
2026-02-08 21:34:41,649 - INFO - Processing clone 7 / 130 (cols 669144-780667, 50 unique states)...
2026-02-08 21:35:47,167 - INFO - Processing clone 8 / 130 (cols 780668-892191, 50 unique states)...
2026-02-08 21:37:00,940 - INFO - Processing clone 9 / 130 (cols 892192-1003715, 50 unique states)...
2026-02-08 21:38:13,399 - INFO - Processing clone 10 / 130 (cols 1003716-1115239, 50 unique states)...
2026-02-08 21:39:19,898 - INFO - Processing clone 11 / 130 (cols 1115240-1226763, 50 unique states)...
2026-02-08 21:40:27,857 - INFO - Processing clone 12 / 130 (cols 1226764-1338287, 50 unique states)...
2026-02-08 21:41:38,929 - INFO - Processing clone 13 / 130 (cols 1338288-1449811, 50 unique states)...
2026-02-08 21:42:55,943 - INFO - Processing clone 14 / 130 (cols 1449812-1561335, 50 unique states)...
2026-02-08 21:44:09,590 - INFO - Processing clone 15 / 130 (cols 1561336-1672859, 50 unique states)...
2026-02-08 21:45:37,708 - INFO - Processing clone 16 / 130 (cols 1672860-1784383, 50 unique states)...
2026-02-08 21:46:56,122 - INFO - Processing clone 17 / 130 (cols 1784384-1895907, 50 unique states)...
2026-02-08 21:48:18,492 - INFO - Processing clone 18 / 130 (cols 1895908-2007431, 50 unique states)...
2026-02-08 21:49:38,838 - INFO - Processing clone 19 / 130 (cols 2007432-2118955, 50 unique states)...
