This is pdfTeX, Version 3.141592653-2.6-1.40.26 (TeX Live 2024) (preloaded format=pdflatex 2024.11.13)  30 JUL 2025 10:50
entering extended mode
 restricted \write18 enabled.
 %&-line parsing enabled.
**main
(./main.tex
LaTeX2e <2024-11-01>
L3 programming layer <2024-11-02>
(/usr/local/texlive/2024basic/texmf-dist/tex/latex/beamer/beamer.cls
Document Class: beamer 2024/01/06 v3.71 A class for typesetting presentations
(/usr/local/texlive/2024basic/texmf-dist/tex/latex/beamer/beamerbasemodes.sty
(/usr/local/texlive/2024basic/texmf-dist/tex/latex/etoolbox/etoolbox.sty
Package: etoolbox 2020/10/05 v2.5k e-TeX tools for LaTeX (JAW)
\etb@tempcnta=\count196
)
\beamer@tempbox=\box52
\beamer@tempcount=\count197
\c@beamerpauses=\count198

(/usr/local/texlive/2024basic/texmf-dist/tex/latex/beamer/beamerbasedecode.sty
\beamer@slideinframe=\count199
\beamer@minimum=\count266
\beamer@decode@box=\box53
)
\beamer@commentbox=\box54
\beamer@modecount=\count267
) (/usr/local/texlive/2024basic/texmf-dist/tex/generic/iftex/iftex.sty
Package: iftex 2022/02/03 v1.0f TeX engine tests
)
\headdp=\dimen141
\footheight=\dimen142
\sidebarheight=\dimen143
\beamer@tempdim=\dimen144
\beamer@finalheight=\dimen145
\beamer@animht=\dimen146
\beamer@animdp=\dimen147
\beamer@animwd=\dimen148
\beamer@leftmargin=\dimen149
\beamer@rightmargin=\dimen150
\beamer@leftsidebar=\dimen151
\beamer@rightsidebar=\dimen152
\beamer@boxsize=\dimen153
\beamer@vboxoffset=\dimen154
\beamer@descdefault=\dimen155
\beamer@descriptionwidth=\dimen156
\beamer@lastskip=\skip49
\beamer@areabox=\box55
\beamer@animcurrent=\box56
\beamer@animshowbox=\box57
\beamer@sectionbox=\box58
\beamer@logobox=\box59
\beamer@linebox=\box60
\beamer@sectioncount=\count268
\beamer@subsubsectionmax=\count269
\beamer@subsectionmax=\count270
\beamer@sectionmax=\count271
\beamer@totalheads=\count272
\beamer@headcounter=\count273
\beamer@partstartpage=\count274
\beamer@sectionstartpage=\count275
\beamer@subsectionstartpage=\count276
\beamer@animationtempa=\count277
\beamer@animationtempb=\count278
\beamer@xpos=\count279
\beamer@ypos=\count280
\beamer@ypos@offset=\count281
\beamer@showpartnumber=\count282
\beamer@currentsubsection=\count283
\beamer@coveringdepth=\count284
\beamer@sectionadjust=\count285
\beamer@toclastsection=\count286
\beamer@tocsectionnumber=\count287

(/usr/local/texlive/2024basic/texmf-dist/tex/latex/beamer/beamerbaseoptions.sty
(/usr/local/texlive/2024basic/texmf-dist/tex/latex/graphics/keyval.sty
Package: keyval 2022/05/29 v1.15 key=value parser (DPC)
\KV@toks@=\toks17
))
\beamer@paperwidth=\skip50
\beamer@paperheight=\skip51

(/usr/local/texlive/2024basic/texmf-dist/tex/latex/geometry/geometry.sty
Package: geometry 2020/01/02 v5.9 Page Geometry

(/usr/local/texlive/2024basic/texmf-dist/tex/generic/iftex/ifvtex.sty
Package: ifvtex 2019/10/25 v1.7 ifvtex legacy package. Use iftex instead.
)
\Gm@cnth=\count288
\Gm@cntv=\count289
\c@Gm@tempcnt=\count290
\Gm@bindingoffset=\dimen157
\Gm@wd@mp=\dimen158
\Gm@odd@mp=\dimen159
\Gm@even@mp=\dimen160
\Gm@layoutwidth=\dimen161
\Gm@layoutheight=\dimen162
\Gm@layouthoffset=\dimen163
\Gm@layoutvoffset=\dimen164
\Gm@dimlist=\toks18
)
(/usr/local/texlive/2024basic/texmf-dist/tex/latex/pgf/math/pgfmath.sty
(/usr/local/texlive/2024basic/texmf-dist/tex/latex/pgf/utilities/pgfrcs.sty
(/usr/local/texlive/2024basic/texmf-dist/tex/generic/pgf/utilities/pgfutil-comm
on.tex
\pgfutil@everybye=\toks19
\pgfutil@tempdima=\dimen165
\pgfutil@tempdimb=\dimen166
)
(/usr/local/texlive/2024basic/texmf-dist/tex/generic/pgf/utilities/pgfutil-late
x.def
\pgfutil@abb=\box61
)
(/usr/local/texlive/2024basic/texmf-dist/tex/generic/pgf/utilities/pgfrcs.code.
tex (/usr/local/texlive/2024basic/texmf-dist/tex/generic/pgf/pgf.revision.tex)
Package: pgfrcs 2023-01-15 v3.1.10 (3.1.10)
)) (/usr/local/texlive/2024basic/texmf-dist/tex/latex/pgf/utilities/pgfkeys.sty

(/usr/local/texlive/2024basic/texmf-dist/tex/generic/pgf/utilities/pgfkeys.code
.tex
\pgfkeys@pathtoks=\toks20
\pgfkeys@temptoks=\toks21

(/usr/local/texlive/2024basic/texmf-dist/tex/generic/pgf/utilities/pgfkeyslibra
ryfiltered.code.tex
\pgfkeys@tmptoks=\toks22
)))
(/usr/local/texlive/2024basic/texmf-dist/tex/generic/pgf/math/pgfmath.code.tex
(/usr/local/texlive/2024basic/texmf-dist/tex/generic/pgf/math/pgfmathutil.code.
tex
\pgf@x=\dimen167
\pgf@xa=\dimen168
\pgf@xb=\dimen169
\pgf@xc=\dimen170
\pgf@y=\dimen171
\pgf@ya=\dimen172
\pgf@yb=\dimen173
\pgf@yc=\dimen174
\c@pgf@counta=\count291
\c@pgf@countb=\count292
\c@pgf@countc=\count293
\c@pgf@countd=\count294
)
(/usr/local/texlive/2024basic/texmf-dist/tex/generic/pgf/math/pgfmathparser.cod
e.tex
\pgfmath@dimen=\dimen175
\pgfmath@count=\count295
\pgfmath@box=\box62
\pgfmath@toks=\toks23
\pgfmath@stack@operand=\toks24
\pgfmath@stack@operation=\toks25
)
(/usr/local/texlive/2024basic/texmf-dist/tex/generic/pgf/math/pgfmathfunctions.
code.tex)
(/usr/local/texlive/2024basic/texmf-dist/tex/generic/pgf/math/pgfmathfunctions.
basic.code.tex)
(/usr/local/texlive/2024basic/texmf-dist/tex/generic/pgf/math/pgfmathfunctions.
trigonometric.code.tex)
(/usr/local/texlive/2024basic/texmf-dist/tex/generic/pgf/math/pgfmathfunctions.
random.code.tex)
(/usr/local/texlive/2024basic/texmf-dist/tex/generic/pgf/math/pgfmathfunctions.
comparison.code.tex)
(/usr/local/texlive/2024basic/texmf-dist/tex/generic/pgf/math/pgfmathfunctions.
base.code.tex)
(/usr/local/texlive/2024basic/texmf-dist/tex/generic/pgf/math/pgfmathfunctions.
round.code.tex)
(/usr/local/texlive/2024basic/texmf-dist/tex/generic/pgf/math/pgfmathfunctions.
misc.code.tex)
(/usr/local/texlive/2024basic/texmf-dist/tex/generic/pgf/math/pgfmathfunctions.
integerarithmetics.code.tex)
(/usr/local/texlive/2024basic/texmf-dist/tex/generic/pgf/math/pgfmathcalc.code.
tex)
(/usr/local/texlive/2024basic/texmf-dist/tex/generic/pgf/math/pgfmathfloat.code
.tex
\c@pgfmathroundto@lastzeros=\count296
))) (/usr/local/texlive/2024basic/texmf-dist/tex/latex/base/size11.clo
File: size11.clo 2024/06/29 v1.4n Standard LaTeX file (size option)
)
(/usr/local/texlive/2024basic/texmf-dist/tex/latex/pgf/basiclayer/pgfcore.sty
(/usr/local/texlive/2024basic/texmf-dist/tex/latex/graphics/graphicx.sty
Package: graphicx 2021/09/16 v1.2d Enhanced LaTeX Graphics (DPC,SPQR)

(/usr/local/texlive/2024basic/texmf-dist/tex/latex/graphics/graphics.sty
Package: graphics 2024/08/06 v1.4g Standard LaTeX Graphics (DPC,SPQR)

(/usr/local/texlive/2024basic/texmf-dist/tex/latex/graphics/trig.sty
Package: trig 2023/12/02 v1.11 sin cos tan (DPC)
)
(/usr/local/texlive/2024basic/texmf-dist/tex/latex/graphics-cfg/graphics.cfg
File: graphics.cfg 2016/06/04 v1.11 sample graphics configuration
)
Package graphics Info: Driver file: pdftex.def on input line 106.

(/usr/local/texlive/2024basic/texmf-dist/tex/latex/graphics-def/pdftex.def
File: pdftex.def 2024/04/13 v1.2c Graphics/color driver for pdftex
))
\Gin@req@height=\dimen176
\Gin@req@width=\dimen177
)
(/usr/local/texlive/2024basic/texmf-dist/tex/latex/pgf/systemlayer/pgfsys.sty
(/usr/local/texlive/2024basic/texmf-dist/tex/generic/pgf/systemlayer/pgfsys.cod
e.tex
Package: pgfsys 2023-01-15 v3.1.10 (3.1.10)
\pgf@x=\dimen178
\pgf@y=\dimen179
\pgf@xa=\dimen180
\pgf@ya=\dimen181
\pgf@xb=\dimen182
\pgf@yb=\dimen183
\pgf@xc=\dimen184
\pgf@yc=\dimen185
\pgf@xd=\dimen186
\pgf@yd=\dimen187
\w@pgf@writea=\write3
\r@pgf@reada=\read2
\c@pgf@counta=\count297
\c@pgf@countb=\count298
\c@pgf@countc=\count299
\c@pgf@countd=\count300
\t@pgf@toka=\toks26
\t@pgf@tokb=\toks27
\t@pgf@tokc=\toks28
\pgf@sys@id@count=\count301

(/usr/local/texlive/2024basic/texmf-dist/tex/generic/pgf/systemlayer/pgf.cfg
File: pgf.cfg 2023-01-15 v3.1.10 (3.1.10)
)
Driver file for pgf: pgfsys-pdftex.def

(/usr/local/texlive/2024basic/texmf-dist/tex/generic/pgf/systemlayer/pgfsys-pdf
tex.def
File: pgfsys-pdftex.def 2023-01-15 v3.1.10 (3.1.10)

(/usr/local/texlive/2024basic/texmf-dist/tex/generic/pgf/systemlayer/pgfsys-com
mon-pdf.def
File: pgfsys-common-pdf.def 2023-01-15 v3.1.10 (3.1.10)
)))
(/usr/local/texlive/2024basic/texmf-dist/tex/generic/pgf/systemlayer/pgfsyssoft
path.code.tex
File: pgfsyssoftpath.code.tex 2023-01-15 v3.1.10 (3.1.10)
\pgfsyssoftpath@smallbuffer@items=\count302
\pgfsyssoftpath@bigbuffer@items=\count303
)
(/usr/local/texlive/2024basic/texmf-dist/tex/generic/pgf/systemlayer/pgfsysprot
ocol.code.tex
File: pgfsysprotocol.code.tex 2023-01-15 v3.1.10 (3.1.10)
))
(/usr/local/texlive/2024basic/texmf-dist/tex/latex/xcolor/xcolor.sty
Package: xcolor 2024/09/29 v3.02 LaTeX color extensions (UK)

(/usr/local/texlive/2024basic/texmf-dist/tex/latex/graphics-cfg/color.cfg
File: color.cfg 2016/01/02 v1.6 sample color configuration
)
Package xcolor Info: Driver file: pdftex.def on input line 274.

(/usr/local/texlive/2024basic/texmf-dist/tex/latex/graphics/mathcolor.ltx)
Package xcolor Info: Model `cmy' substituted by `cmy0' on input line 1349.
Package xcolor Info: Model `hsb' substituted by `rgb' on input line 1353.
Package xcolor Info: Model `RGB' extended on input line 1365.
Package xcolor Info: Model `HTML' substituted by `rgb' on input line 1367.
Package xcolor Info: Model `Hsb' substituted by `hsb' on input line 1368.
Package xcolor Info: Model `tHsb' substituted by `hsb' on input line 1369.
Package xcolor Info: Model `HSB' substituted by `hsb' on input line 1370.
Package xcolor Info: Model `Gray' substituted by `gray' on input line 1371.
Package xcolor Info: Model `wave' substituted by `hsb' on input line 1372.
)
(/usr/local/texlive/2024basic/texmf-dist/tex/generic/pgf/basiclayer/pgfcore.cod
e.tex
Package: pgfcore 2023-01-15 v3.1.10 (3.1.10)

(/usr/local/texlive/2024basic/texmf-dist/tex/generic/pgf/math/pgfint.code.tex)
(/usr/local/texlive/2024basic/texmf-dist/tex/generic/pgf/basiclayer/pgfcorepoin
ts.code.tex
File: pgfcorepoints.code.tex 2023-01-15 v3.1.10 (3.1.10)
\pgf@picminx=\dimen188
\pgf@picmaxx=\dimen189
\pgf@picminy=\dimen190
\pgf@picmaxy=\dimen191
\pgf@pathminx=\dimen192
\pgf@pathmaxx=\dimen193
\pgf@pathminy=\dimen194
\pgf@pathmaxy=\dimen195
\pgf@xx=\dimen196
\pgf@xy=\dimen197
\pgf@yx=\dimen198
\pgf@yy=\dimen199
\pgf@zx=\dimen256
\pgf@zy=\dimen257
)
(/usr/local/texlive/2024basic/texmf-dist/tex/generic/pgf/basiclayer/pgfcorepath
construct.code.tex
File: pgfcorepathconstruct.code.tex 2023-01-15 v3.1.10 (3.1.10)
\pgf@path@lastx=\dimen258
\pgf@path@lasty=\dimen259
)
(/usr/local/texlive/2024basic/texmf-dist/tex/generic/pgf/basiclayer/pgfcorepath
usage.code.tex
File: pgfcorepathusage.code.tex 2023-01-15 v3.1.10 (3.1.10)
\pgf@shorten@end@additional=\dimen260
\pgf@shorten@start@additional=\dimen261
)
(/usr/local/texlive/2024basic/texmf-dist/tex/generic/pgf/basiclayer/pgfcorescop
es.code.tex
File: pgfcorescopes.code.tex 2023-01-15 v3.1.10 (3.1.10)
\pgfpic=\box63
\pgf@hbox=\box64
\pgf@layerbox@main=\box65
\pgf@picture@serial@count=\count304
)
(/usr/local/texlive/2024basic/texmf-dist/tex/generic/pgf/basiclayer/pgfcoregrap
hicstate.code.tex
File: pgfcoregraphicstate.code.tex 2023-01-15 v3.1.10 (3.1.10)
\pgflinewidth=\dimen262
)
(/usr/local/texlive/2024basic/texmf-dist/tex/generic/pgf/basiclayer/pgfcoretran
sformations.code.tex
File: pgfcoretransformations.code.tex 2023-01-15 v3.1.10 (3.1.10)
\pgf@pt@x=\dimen263
\pgf@pt@y=\dimen264
\pgf@pt@temp=\dimen265
)
(/usr/local/texlive/2024basic/texmf-dist/tex/generic/pgf/basiclayer/pgfcorequic
k.code.tex
File: pgfcorequick.code.tex 2023-01-15 v3.1.10 (3.1.10)
)
(/usr/local/texlive/2024basic/texmf-dist/tex/generic/pgf/basiclayer/pgfcoreobje
cts.code.tex
File: pgfcoreobjects.code.tex 2023-01-15 v3.1.10 (3.1.10)
)
(/usr/local/texlive/2024basic/texmf-dist/tex/generic/pgf/basiclayer/pgfcorepath
processing.code.tex
File: pgfcorepathprocessing.code.tex 2023-01-15 v3.1.10 (3.1.10)
)
(/usr/local/texlive/2024basic/texmf-dist/tex/generic/pgf/basiclayer/pgfcorearro
ws.code.tex
File: pgfcorearrows.code.tex 2023-01-15 v3.1.10 (3.1.10)
\pgfarrowsep=\dimen266
)
(/usr/local/texlive/2024basic/texmf-dist/tex/generic/pgf/basiclayer/pgfcoreshad
e.code.tex
File: pgfcoreshade.code.tex 2023-01-15 v3.1.10 (3.1.10)
\pgf@max=\dimen267
\pgf@sys@shading@range@num=\count305
\pgf@shadingcount=\count306
)
(/usr/local/texlive/2024basic/texmf-dist/tex/generic/pgf/basiclayer/pgfcoreimag
e.code.tex
File: pgfcoreimage.code.tex 2023-01-15 v3.1.10 (3.1.10)
)
(/usr/local/texlive/2024basic/texmf-dist/tex/generic/pgf/basiclayer/pgfcoreexte
rnal.code.tex
File: pgfcoreexternal.code.tex 2023-01-15 v3.1.10 (3.1.10)
\pgfexternal@startupbox=\box66
)
(/usr/local/texlive/2024basic/texmf-dist/tex/generic/pgf/basiclayer/pgfcorelaye
rs.code.tex
File: pgfcorelayers.code.tex 2023-01-15 v3.1.10 (3.1.10)
)
(/usr/local/texlive/2024basic/texmf-dist/tex/generic/pgf/basiclayer/pgfcoretran
sparency.code.tex
File: pgfcoretransparency.code.tex 2023-01-15 v3.1.10 (3.1.10)
)
(/usr/local/texlive/2024basic/texmf-dist/tex/generic/pgf/basiclayer/pgfcorepatt
erns.code.tex
File: pgfcorepatterns.code.tex 2023-01-15 v3.1.10 (3.1.10)
)
(/usr/local/texlive/2024basic/texmf-dist/tex/generic/pgf/basiclayer/pgfcorerdf.
code.tex
File: pgfcorerdf.code.tex 2023-01-15 v3.1.10 (3.1.10)
)))
(/usr/local/texlive/2024basic/texmf-dist/tex/latex/pgf/utilities/xxcolor.sty
Package: xxcolor 2003/10/24 ver 0.1
\XC@nummixins=\count307
\XC@countmixins=\count308
)
(/usr/local/texlive/2024basic/texmf-dist/tex/latex/base/atbegshi-ltx.sty
Package: atbegshi-ltx 2021/01/10 v1.0c Emulation of the original atbegshi
package with kernel methods
)
(/usr/local/texlive/2024basic/texmf-dist/tex/latex/hyperref/hyperref.sty
Package: hyperref 2024-11-05 v7.01l Hypertext links for LaTeX

(/usr/local/texlive/2024basic/texmf-dist/tex/latex/kvsetkeys/kvsetkeys.sty
Package: kvsetkeys 2022-10-05 v1.19 Key value parser (HO)
)
(/usr/local/texlive/2024basic/texmf-dist/tex/generic/kvdefinekeys/kvdefinekeys.
sty
Package: kvdefinekeys 2019-12-19 v1.6 Define keys (HO)
)
(/usr/local/texlive/2024basic/texmf-dist/tex/generic/pdfescape/pdfescape.sty
Package: pdfescape 2019/12/09 v1.15 Implements pdfTeX's escape features (HO)

(/usr/local/texlive/2024basic/texmf-dist/tex/generic/ltxcmds/ltxcmds.sty
Package: ltxcmds 2023-12-04 v1.26 LaTeX kernel commands for general use (HO)
)
(/usr/local/texlive/2024basic/texmf-dist/tex/generic/pdftexcmds/pdftexcmds.sty
Package: pdftexcmds 2020-06-27 v0.33 Utility functions of pdfTeX for LuaTeX (HO
)

(/usr/local/texlive/2024basic/texmf-dist/tex/generic/infwarerr/infwarerr.sty
Package: infwarerr 2019/12/03 v1.5 Providing info/warning/error messages (HO)
)
Package pdftexcmds Info: \pdf@primitive is available.
Package pdftexcmds Info: \pdf@ifprimitive is available.
Package pdftexcmds Info: \pdfdraftmode found.
)) (/usr/local/texlive/2024basic/texmf-dist/tex/latex/hycolor/hycolor.sty
Package: hycolor 2020-01-27 v1.10 Color options for hyperref/bookmark (HO)
)
(/usr/local/texlive/2024basic/texmf-dist/tex/latex/hyperref/nameref.sty
Package: nameref 2023-11-26 v2.56 Cross-referencing by name of section

(/usr/local/texlive/2024basic/texmf-dist/tex/latex/refcount/refcount.sty
Package: refcount 2019/12/15 v3.6 Data extraction from label references (HO)
)
(/usr/local/texlive/2024basic/texmf-dist/tex/generic/gettitlestring/gettitlestr
ing.sty
Package: gettitlestring 2019/12/15 v1.6 Cleanup title references (HO)

(/usr/local/texlive/2024basic/texmf-dist/tex/latex/kvoptions/kvoptions.sty
Package: kvoptions 2022-06-15 v3.15 Key value format for package options (HO)
))
\c@section@level=\count309
)
(/usr/local/texlive/2024basic/texmf-dist/tex/generic/stringenc/stringenc.sty
Package: stringenc 2019/11/29 v1.12 Convert strings between diff. encodings (HO
)
)
\@linkdim=\dimen268
\Hy@linkcounter=\count310
\Hy@pagecounter=\count311

(/usr/local/texlive/2024basic/texmf-dist/tex/latex/hyperref/pd1enc.def
File: pd1enc.def 2024-11-05 v7.01l Hyperref: PDFDocEncoding definition (HO)
Now handling font encoding PD1 ...
... no UTF-8 mapping file for font encoding PD1
)
(/usr/local/texlive/2024basic/texmf-dist/tex/generic/intcalc/intcalc.sty
Package: intcalc 2019/12/15 v1.3 Expandable calculations with integers (HO)
)
\Hy@SavedSpaceFactor=\count312

(/usr/local/texlive/2024basic/texmf-dist/tex/latex/hyperref/puenc.def
File: puenc.def 2024-11-05 v7.01l Hyperref: PDF Unicode definition (HO)
Now handling font encoding PU ...
... no UTF-8 mapping file for font encoding PU
)
Package hyperref Info: Option `bookmarks' set `true' on input line 4040.
Package hyperref Info: Option `bookmarksopen' set `true' on input line 4040.
Package hyperref Info: Option `implicit' set `false' on input line 4040.
Package hyperref Info: Hyper figures OFF on input line 4157.
Package hyperref Info: Link nesting OFF on input line 4162.
Package hyperref Info: Hyper index ON on input line 4165.
Package hyperref Info: Plain pages OFF on input line 4172.
Package hyperref Info: Backreferencing OFF on input line 4177.
Package hyperref Info: Implicit mode OFF; no redefinition of LaTeX internals.
Package hyperref Info: Bookmarks ON on input line 4424.
\c@Hy@tempcnt=\count313

(/usr/local/texlive/2024basic/texmf-dist/tex/latex/url/url.sty
\Urlmuskip=\muskip17
Package: url 2013/09/16  ver 3.4  Verb mode for urls, etc.
)
LaTeX Info: Redefining \url on input line 4763.
\XeTeXLinkMargin=\dimen269

(/usr/local/texlive/2024basic/texmf-dist/tex/generic/bitset/bitset.sty
Package: bitset 2019/12/09 v1.3 Handle bit-vector datatype (HO)

(/usr/local/texlive/2024basic/texmf-dist/tex/generic/bigintcalc/bigintcalc.sty
Package: bigintcalc 2019/12/15 v1.5 Expandable calculations on big integers (HO
)
))
\Fld@menulength=\count314
\Field@Width=\dimen270
\Fld@charsize=\dimen271
Package hyperref Info: Hyper figures OFF on input line 6042.
Package hyperref Info: Link nesting OFF on input line 6047.
Package hyperref Info: Hyper index ON on input line 6050.
Package hyperref Info: backreferencing OFF on input line 6057.
Package hyperref Info: Link coloring OFF on input line 6062.
Package hyperref Info: Link coloring with OCG OFF on input line 6067.
Package hyperref Info: PDF/A mode OFF on input line 6072.
\Hy@abspage=\count315


Package hyperref Message: Stopped early.

)
Package hyperref Info: Driver (autodetected): hpdftex.
 (/usr/local/texlive/2024basic/texmf-dist/tex/latex/hyperref/hpdftex.def
File: hpdftex.def 2024-11-05 v7.01l Hyperref driver for pdfTeX

(/usr/local/texlive/2024basic/texmf-dist/tex/latex/base/atveryend-ltx.sty
Package: atveryend-ltx 2020/08/19 v1.0a Emulation of the original atveryend pac
kage
with kernel methods
)
\Fld@listcount=\count316
\c@bookmark@seq@number=\count317

(/usr/local/texlive/2024basic/texmf-dist/tex/latex/rerunfilecheck/rerunfilechec
k.sty
Package: rerunfilecheck 2022-07-10 v1.10 Rerun checks for auxiliary files (HO)

(/usr/local/texlive/2024basic/texmf-dist/tex/generic/uniquecounter/uniquecounte
r.sty
Package: uniquecounter 2019/12/15 v1.4 Provide unlimited unique counter (HO)
)
Package uniquecounter Info: New unique counter `rerunfilecheck' on input line 2
85.
))
(/usr/local/texlive/2024basic/texmf-dist/tex/latex/beamer/beamerbaserequires.st
y
(/usr/local/texlive/2024basic/texmf-dist/tex/latex/beamer/beamerbasecompatibili
ty.sty)
(/usr/local/texlive/2024basic/texmf-dist/tex/latex/beamer/beamerbasefont.sty
(/usr/local/texlive/2024basic/texmf-dist/tex/latex/amsfonts/amssymb.sty
Package: amssymb 2013/01/14 v3.01 AMS font symbols

(/usr/local/texlive/2024basic/texmf-dist/tex/latex/amsfonts/amsfonts.sty
Package: amsfonts 2013/01/14 v3.01 Basic AMSFonts support
\@emptytoks=\toks29
\symAMSa=\mathgroup4
\symAMSb=\mathgroup5
LaTeX Font Info:    Redeclaring math symbol \hbar on input line 98.
LaTeX Font Info:    Overwriting math alphabet `\mathfrak' in version `bold'
(Font)                  U/euf/m/n --> U/euf/b/n on input line 106.
)))
(/usr/local/texlive/2024basic/texmf-dist/tex/latex/beamer/beamerbasetranslator.
sty
(/usr/local/texlive/2024basic/texmf-dist/tex/latex/translator/translator.sty
Package: translator 2021-05-31 v1.12d Easy translation of strings in LaTeX
))
(/usr/local/texlive/2024basic/texmf-dist/tex/latex/beamer/beamerbasemisc.sty)
(/usr/local/texlive/2024basic/texmf-dist/tex/latex/beamer/beamerbasetwoscreens.
sty)
(/usr/local/texlive/2024basic/texmf-dist/tex/latex/beamer/beamerbaseoverlay.sty
\beamer@argscount=\count318
\beamer@lastskipcover=\skip52
\beamer@trivlistdepth=\count319
) (/usr/local/texlive/2024basic/texmf-dist/tex/latex/beamer/beamerbasetitle.sty
)
(/usr/local/texlive/2024basic/texmf-dist/tex/latex/beamer/beamerbasesection.sty
\c@lecture=\count320
\c@part=\count321
\c@section=\count322
\c@subsection=\count323
\c@subsubsection=\count324
) (/usr/local/texlive/2024basic/texmf-dist/tex/latex/beamer/beamerbaseframe.sty
\beamer@framebox=\box67
\beamer@frametitlebox=\box68
\beamer@zoombox=\box69
\beamer@zoomcount=\count325
\beamer@zoomframecount=\count326
\beamer@frametextheight=\dimen272
\c@subsectionslide=\count327
\beamer@frametopskip=\skip53
\beamer@framebottomskip=\skip54
\beamer@frametopskipautobreak=\skip55
\beamer@framebottomskipautobreak=\skip56
\beamer@envbody=\toks30
\framewidth=\dimen273
\c@framenumber=\count328
)
(/usr/local/texlive/2024basic/texmf-dist/tex/latex/beamer/beamerbaseverbatim.st
y
\beamer@verbatimfileout=\write4
)
(/usr/local/texlive/2024basic/texmf-dist/tex/latex/beamer/beamerbaseframesize.s
ty
\beamer@splitbox=\box70
\beamer@autobreakcount=\count329
\beamer@autobreaklastheight=\dimen274
\beamer@frametitletoks=\toks31
\beamer@framesubtitletoks=\toks32
)
(/usr/local/texlive/2024basic/texmf-dist/tex/latex/beamer/beamerbaseframecompon
ents.sty
\beamer@footins=\box71
)
(/usr/local/texlive/2024basic/texmf-dist/tex/latex/beamer/beamerbasecolor.sty)
(/usr/local/texlive/2024basic/texmf-dist/tex/latex/beamer/beamerbasenotes.sty
\beamer@frameboxcopy=\box72
)
(/usr/local/texlive/2024basic/texmf-dist/tex/latex/beamer/beamerbasetoc.sty)
(/usr/local/texlive/2024basic/texmf-dist/tex/latex/beamer/beamerbasetemplates.s
ty
\beamer@sbttoks=\toks33

(/usr/local/texlive/2024basic/texmf-dist/tex/latex/beamer/beamerbaseauxtemplate
s.sty
(/usr/local/texlive/2024basic/texmf-dist/tex/latex/beamer/beamerbaseboxes.sty
\bmb@box=\box73
\bmb@colorbox=\box74
\bmb@boxwidth=\dimen275
\bmb@boxheight=\dimen276
\bmb@prevheight=\dimen277
\bmb@temp=\dimen278
\bmb@dima=\dimen279
\bmb@dimb=\dimen280
\bmb@prevheight=\dimen281
)
\beamer@blockheadheight=\dimen282
))
(/usr/local/texlive/2024basic/texmf-dist/tex/latex/beamer/beamerbaselocalstruct
ure.sty (/usr/local/texlive/2024basic/texmf-dist/tex/latex/tools/enumerate.sty
Package: enumerate 2023/07/04 v3.00 enumerate extensions (DPC)
\@enLab=\toks34
)
\beamer@bibiconwidth=\skip57
\c@figure=\count330
\c@table=\count331
\abovecaptionskip=\skip58
\belowcaptionskip=\skip59
)
(/usr/local/texlive/2024basic/texmf-dist/tex/latex/beamer/beamerbasenavigation.
sty
(/usr/local/texlive/2024basic/texmf-dist/tex/latex/beamer/beamerbasenavigations
ymbols.tex)
\beamer@section@min@dim=\dimen283
)
(/usr/local/texlive/2024basic/texmf-dist/tex/latex/beamer/beamerbasetheorems.st
y (/usr/local/texlive/2024basic/texmf-dist/tex/latex/amsmath/amsmath.sty
Package: amsmath 2024/11/05 v2.17t AMS math features
\@mathmargin=\skip60

For additional information on amsmath, use the `?' option.
(/usr/local/texlive/2024basic/texmf-dist/tex/latex/amsmath/amstext.sty
Package: amstext 2021/08/26 v2.01 AMS text

(/usr/local/texlive/2024basic/texmf-dist/tex/latex/amsmath/amsgen.sty
File: amsgen.sty 1999/11/30 v2.0 generic functions
\@emptytoks=\toks35
\ex@=\dimen284
))
(/usr/local/texlive/2024basic/texmf-dist/tex/latex/amsmath/amsbsy.sty
Package: amsbsy 1999/11/29 v1.2d Bold Symbols
\pmbraise@=\dimen285
)
(/usr/local/texlive/2024basic/texmf-dist/tex/latex/amsmath/amsopn.sty
Package: amsopn 2022/04/08 v2.04 operator names
)
\inf@bad=\count332
LaTeX Info: Redefining \frac on input line 233.
\uproot@=\count333
\leftroot@=\count334
LaTeX Info: Redefining \overline on input line 398.
LaTeX Info: Redefining \colon on input line 409.
\classnum@=\count335
\DOTSCASE@=\count336
LaTeX Info: Redefining \ldots on input line 495.
LaTeX Info: Redefining \dots on input line 498.
LaTeX Info: Redefining \cdots on input line 619.
\Mathstrutbox@=\box75
\strutbox@=\box76
LaTeX Info: Redefining \big on input line 721.
LaTeX Info: Redefining \Big on input line 722.
LaTeX Info: Redefining \bigg on input line 723.
LaTeX Info: Redefining \Bigg on input line 724.
\big@size=\dimen286
LaTeX Font Info:    Redeclaring font encoding OML on input line 742.
LaTeX Font Info:    Redeclaring font encoding OMS on input line 743.
\macc@depth=\count337
LaTeX Info: Redefining \bmod on input line 904.
LaTeX Info: Redefining \pmod on input line 909.
LaTeX Info: Redefining \smash on input line 939.
LaTeX Info: Redefining \relbar on input line 969.
LaTeX Info: Redefining \Relbar on input line 970.
\c@MaxMatrixCols=\count338
\dotsspace@=\muskip18
\c@parentequation=\count339
\dspbrk@lvl=\count340
\tag@help=\toks36
\row@=\count341
\column@=\count342
\maxfields@=\count343
\andhelp@=\toks37
\eqnshift@=\dimen287
\alignsep@=\dimen288
\tagshift@=\dimen289
\tagwidth@=\dimen290
\totwidth@=\dimen291
\lineht@=\dimen292
\@envbody=\toks38
\multlinegap=\skip61
\multlinetaggap=\skip62
\mathdisplay@stack=\toks39
LaTeX Info: Redefining \[ on input line 2953.
LaTeX Info: Redefining \] on input line 2954.
)
(/usr/local/texlive/2024basic/texmf-dist/tex/latex/amscls/amsthm.sty
Package: amsthm 2020/05/29 v2.20.6
\thm@style=\toks40
\thm@bodyfont=\toks41
\thm@headfont=\toks42
\thm@notefont=\toks43
\thm@headpunct=\toks44
\thm@preskip=\skip63
\thm@postskip=\skip64
\thm@headsep=\skip65
\dth@everypar=\toks45
)
\c@theorem=\count344
)
(/usr/local/texlive/2024basic/texmf-dist/tex/latex/beamer/beamerbasethemes.sty)
)
(/usr/local/texlive/2024basic/texmf-dist/tex/latex/beamer/beamerthemedefault.st
y
(/usr/local/texlive/2024basic/texmf-dist/tex/latex/beamer/beamerfontthemedefaul
t.sty)
(/usr/local/texlive/2024basic/texmf-dist/tex/latex/beamer/beamercolorthemedefau
lt.sty)
(/usr/local/texlive/2024basic/texmf-dist/tex/latex/beamer/beamerinnerthemedefau
lt.sty
\beamer@dima=\dimen293
\beamer@dimb=\dimen294
)
(/usr/local/texlive/2024basic/texmf-dist/tex/latex/beamer/beamerouterthemedefau
lt.sty)))
(/usr/local/texlive/2024basic/texmf-dist/tex/latex/beamer/beamerthemeMadrid.sty

(/usr/local/texlive/2024basic/texmf-dist/tex/latex/beamer/beamercolorthemewhale
.sty)
(/usr/local/texlive/2024basic/texmf-dist/tex/latex/beamer/beamercolorthemeorchi
d.sty)
(/usr/local/texlive/2024basic/texmf-dist/tex/latex/beamer/beamerinnerthemeround
ed.sty)
(/usr/local/texlive/2024basic/texmf-dist/tex/latex/beamer/beamerouterthemeinfol
ines.sty)) (./policyengine.sty
Package: policyengine 
)
(/usr/local/texlive/2024basic/texmf-dist/tex/latex/booktabs/booktabs.sty
Package: booktabs 2020/01/12 v1.61803398 Publication quality tables
\heavyrulewidth=\dimen295
\lightrulewidth=\dimen296
\cmidrulewidth=\dimen297
\belowrulesep=\dimen298
\belowbottomsep=\dimen299
\aboverulesep=\dimen300
\abovetopsep=\dimen301
\cmidrulesep=\dimen302
\cmidrulekern=\dimen303
\defaultaddspace=\dimen304
\@cmidla=\count345
\@cmidlb=\count346
\@aboverulesep=\dimen305
\@belowrulesep=\dimen306
\@thisruleclass=\count347
\@lastruleclass=\count348
\@thisrulewidth=\dimen307
)
(/usr/local/texlive/2024basic/texmf-dist/tex/latex/l3backend/l3backend-pdftex.d
ef
File: l3backend-pdftex.def 2024-05-08 L3 backend support: PDF output (pdfTeX)
\l__color_backend_stack_int=\count349
\l__pdf_internal_box=\box77
) (./sge_2025_slides.aux)
\openout1 = `sge_2025_slides.aux'.

LaTeX Font Info:    Checking defaults for OML/cmm/m/it on input line 13.
LaTeX Font Info:    ... okay on input line 13.
LaTeX Font Info:    Checking defaults for OMS/cmsy/m/n on input line 13.
LaTeX Font Info:    ... okay on input line 13.
LaTeX Font Info:    Checking defaults for OT1/cmr/m/n on input line 13.
LaTeX Font Info:    ... okay on input line 13.
LaTeX Font Info:    Checking defaults for T1/cmr/m/n on input line 13.
LaTeX Font Info:    ... okay on input line 13.
LaTeX Font Info:    Checking defaults for TS1/cmr/m/n on input line 13.
LaTeX Font Info:    ... okay on input line 13.
LaTeX Font Info:    Checking defaults for OMX/cmex/m/n on input line 13.
LaTeX Font Info:    ... okay on input line 13.
LaTeX Font Info:    Checking defaults for U/cmr/m/n on input line 13.
LaTeX Font Info:    ... okay on input line 13.
LaTeX Font Info:    Checking defaults for PD1/pdf/m/n on input line 13.
LaTeX Font Info:    ... okay on input line 13.
LaTeX Font Info:    Checking defaults for PU/pdf/m/n on input line 13.
LaTeX Font Info:    ... okay on input line 13.

*geometry* driver: auto-detecting
*geometry* detected driver: pdftex
*geometry* verbose mode - [ preamble ] result:
* driver: pdftex
* paper: custom
* layout: <same size as paper>
* layoutoffset:(h,v)=(0.0pt,0.0pt)
* modes: includehead includefoot 
* h-part:(L,W,R)=(10.95003pt, 342.2953pt, 10.95003pt)
* v-part:(T,H,B)=(0.0pt, 273.14662pt, 0.0pt)
* \paperwidth=364.19536pt
* \paperheight=273.14662pt
* \textwidth=342.2953pt
* \textheight=244.6939pt
* \oddsidemargin=-61.31996pt
* \evensidemargin=-61.31996pt
* \topmargin=-72.26999pt
* \headheight=14.22636pt
* \headsep=0.0pt
* \topskip=11.0pt
* \footskip=14.22636pt
* \marginparwidth=4.0pt
* \marginparsep=10.0pt
* \columnsep=10.0pt
* \skip\footins=10.0pt plus 4.0pt minus 2.0pt
* \hoffset=0.0pt
* \voffset=0.0pt
* \mag=1000
* \@twocolumnfalse
* \@twosidefalse
* \@mparswitchfalse
* \@reversemarginfalse
* (1in=72.27pt=25.4mm, 1cm=28.453pt)

(/usr/local/texlive/2024basic/texmf-dist/tex/context/base/mkii/supp-pdf.mkii
[Loading MPS to PDF converter (version 2006.09.02).]
\scratchcounter=\count350
\scratchdimen=\dimen308
\scratchbox=\box78
\nofMPsegments=\count351
\nofMParguments=\count352
\everyMPshowfont=\toks46
\MPscratchCnt=\count353
\MPscratchDim=\dimen309
\MPnumerator=\count354
\makeMPintoPDFobject=\count355
\everyMPtoPDFconversion=\toks47
)
(/usr/local/texlive/2024basic/texmf-dist/tex/latex/epstopdf-pkg/epstopdf-base.s
ty
Package: epstopdf-base 2020-01-24 v2.11 Base part for package epstopdf
Package epstopdf-base Info: Redefining graphics rule for `.eps' on input line 4
85.

(/usr/local/texlive/2024basic/texmf-dist/tex/latex/latexconfig/epstopdf-sys.cfg
File: epstopdf-sys.cfg 2010/07/13 v1.3 Configuration of (r)epstopdf for TeX Liv
e
))
Package hyperref Info: Link coloring OFF on input line 13.
 (./sge_2025_slides.out) (./sge_2025_slides.out)
\@outlinefile=\write5
\openout5 = `sge_2025_slides.out'.

LaTeX Font Info:    Overwriting symbol font `operators' in version `normal'
(Font)                  OT1/cmr/m/n --> OT1/cmss/m/n on input line 13.
LaTeX Font Info:    Overwriting symbol font `operators' in version `bold'
(Font)                  OT1/cmr/bx/n --> OT1/cmss/b/n on input line 13.
\symnumbers=\mathgroup6
\sympureletters=\mathgroup7
LaTeX Font Info:    Overwriting math alphabet `\mathrm' in version `normal'
(Font)                  OT1/cmss/m/n --> OT1/cmr/m/n on input line 13.
LaTeX Font Info:    Redeclaring math alphabet \mathbf on input line 13.
LaTeX Font Info:    Overwriting math alphabet `\mathbf' in version `normal'
(Font)                  OT1/cmr/bx/n --> OT1/cmss/b/n on input line 13.
LaTeX Font Info:    Overwriting math alphabet `\mathbf' in version `bold'
(Font)                  OT1/cmr/bx/n --> OT1/cmss/b/n on input line 13.
LaTeX Font Info:    Redeclaring math alphabet \mathsf on input line 13.
LaTeX Font Info:    Overwriting math alphabet `\mathsf' in version `normal'
(Font)                  OT1/cmss/m/n --> OT1/cmss/m/n on input line 13.
LaTeX Font Info:    Overwriting math alphabet `\mathsf' in version `bold'
(Font)                  OT1/cmss/bx/n --> OT1/cmss/m/n on input line 13.
LaTeX Font Info:    Redeclaring math alphabet \mathit on input line 13.
LaTeX Font Info:    Overwriting math alphabet `\mathit' in version `normal'
(Font)                  OT1/cmr/m/it --> OT1/cmss/m/it on input line 13.
LaTeX Font Info:    Overwriting math alphabet `\mathit' in version `bold'
(Font)                  OT1/cmr/bx/it --> OT1/cmss/m/it on input line 13.
LaTeX Font Info:    Redeclaring math alphabet \mathtt on input line 13.
LaTeX Font Info:    Overwriting math alphabet `\mathtt' in version `normal'
(Font)                  OT1/cmtt/m/n --> OT1/cmtt/m/n on input line 13.
LaTeX Font Info:    Overwriting math alphabet `\mathtt' in version `bold'
(Font)                  OT1/cmtt/m/n --> OT1/cmtt/m/n on input line 13.
LaTeX Font Info:    Overwriting symbol font `numbers' in version `bold'
(Font)                  OT1/cmss/m/n --> OT1/cmss/b/n on input line 13.
LaTeX Font Info:    Overwriting symbol font `pureletters' in version `bold'
(Font)                  OT1/cmss/m/it --> OT1/cmss/b/it on input line 13.
LaTeX Font Info:    Overwriting math alphabet `\mathrm' in version `bold'
(Font)                  OT1/cmss/b/n --> OT1/cmr/b/n on input line 13.
LaTeX Font Info:    Overwriting math alphabet `\mathbf' in version `bold'
(Font)                  OT1/cmss/b/n --> OT1/cmss/b/n on input line 13.
LaTeX Font Info:    Overwriting math alphabet `\mathsf' in version `bold'
(Font)                  OT1/cmss/m/n --> OT1/cmss/b/n on input line 13.
LaTeX Font Info:    Overwriting math alphabet `\mathit' in version `bold'
(Font)                  OT1/cmss/m/it --> OT1/cmss/b/it on input line 13.
LaTeX Font Info:    Overwriting math alphabet `\mathtt' in version `bold'
(Font)                  OT1/cmtt/m/n --> OT1/cmtt/b/n on input line 13.

(/usr/local/texlive/2024basic/texmf-dist/tex/latex/translator/translator-basic-
dictionary-English.dict
Dictionary: translator-basic-dictionary, Language: English 
)
(/usr/local/texlive/2024basic/texmf-dist/tex/latex/translator/translator-biblio
graphy-dictionary-English.dict
Dictionary: translator-bibliography-dictionary, Language: English 
)
(/usr/local/texlive/2024basic/texmf-dist/tex/latex/translator/translator-enviro
nment-dictionary-English.dict
Dictionary: translator-environment-dictionary, Language: English 
)
(/usr/local/texlive/2024basic/texmf-dist/tex/latex/translator/translator-months
-dictionary-English.dict
Dictionary: translator-months-dictionary, Language: English 
)
(/usr/local/texlive/2024basic/texmf-dist/tex/latex/translator/translator-number
s-dictionary-English.dict
Dictionary: translator-numbers-dictionary, Language: English 
)
(/usr/local/texlive/2024basic/texmf-dist/tex/latex/translator/translator-theore
m-dictionary-English.dict
Dictionary: translator-theorem-dictionary, Language: English 
) (./sge_2025_slides.nav)
Overfull \hbox (11.9029pt too wide) in paragraph at lines 13--13
 [][][][]  
 []


Overfull \hbox (16.74246pt too wide) in paragraph at lines 13--13
 [] [] 
 []


Overfull \hbox (11.9029pt too wide) in paragraph at lines 17--17
 [][][][]  
 []


Overfull \hbox (16.74246pt too wide) in paragraph at lines 17--17
 [] [] 
 []

<figures/logos/blue.png, id=27, 999.735pt x 207.77625pt>
File: figures/logos/blue.png Graphic file (type png)
<use figures/logos/blue.png>
Package pdftex.def Info: figures/logos/blue.png  used on input line 17.
(pdftex.def)             Requested size: 56.9055pt x 11.8256pt.



Overfull \hbox (11.9029pt too wide) has occurred while \output is active
 [][][][]  
 []


Overfull \hbox (16.74246pt too wide) has occurred while \output is active
 [] [] 
 []

[1

{/usr/local/texlive/2024basic/texmf-var/fonts/map/pdftex/updmap/pdftex.map} <./
figures/logos/blue.png>]
Overfull \hbox (11.9029pt too wide) in paragraph at lines 35--35
 [][][][]  
 []


Overfull \hbox (16.74246pt too wide) in paragraph at lines 35--35
 [] [] 
 []

LaTeX Font Info:    Trying to load font information for U+msa on input line 35.

(/usr/local/texlive/2024basic/texmf-dist/tex/latex/amsfonts/umsa.fd
File: umsa.fd 2013/01/14 v3.01 AMS symbols A
)
LaTeX Font Info:    Trying to load font information for U+msb on input line 35.


(/usr/local/texlive/2024basic/texmf-dist/tex/latex/amsfonts/umsb.fd
File: umsb.fd 2013/01/14 v3.01 AMS symbols B
)
<figures/logos/white.png, id=63, 999.735pt x 207.77625pt>
File: figures/logos/white.png Graphic file (type png)
<use figures/logos/white.png>
Package pdftex.def Info: figures/logos/white.png  used on input line 35.
(pdftex.def)             Requested size: 41.06567pt x 8.5359pt.



Overfull \hbox (11.9029pt too wide) has occurred while \output is active
 [][][][]  
 []


Overfull \hbox (16.74246pt too wide) has occurred while \output is active
 [] [] 
 []

[2

 <./figures/logos/white.png>]
File: figures/logos/white.png Graphic file (type png)
<use figures/logos/white.png>
Package pdftex.def Info: figures/logos/white.png  used on input line 35.
(pdftex.def)             Requested size: 41.06567pt x 8.5359pt.



Overfull \hbox (11.9029pt too wide) has occurred while \output is active
 [][][][]  
 []


Overfull \hbox (16.74246pt too wide) has occurred while \output is active
 [] [] 
 []

[3

]
Overfull \hbox (11.9029pt too wide) in paragraph at lines 53--53
 [][][][]  
 []


Overfull \hbox (16.74246pt too wide) in paragraph at lines 53--53
 [] [] 
 []

File: figures/logos/white.png Graphic file (type png)
<use figures/logos/white.png>
Package pdftex.def Info: figures/logos/white.png  used on input line 53.
(pdftex.def)             Requested size: 41.06567pt x 8.5359pt.



Overfull \hbox (11.9029pt too wide) has occurred while \output is active
 [][][][]  
 []


Overfull \hbox (16.74246pt too wide) has occurred while \output is active
 [] [] 
 []

[4

]
File: figures/logos/white.png Graphic file (type png)
<use figures/logos/white.png>
Package pdftex.def Info: figures/logos/white.png  used on input line 53.
(pdftex.def)             Requested size: 41.06567pt x 8.5359pt.



Overfull \hbox (11.9029pt too wide) has occurred while \output is active
 [][][][]  
 []


Overfull \hbox (16.74246pt too wide) has occurred while \output is active
 [] [] 
 []

[5

]
Overfull \hbox (11.9029pt too wide) in paragraph at lines 71--71
 [][][][]  
 []


Overfull \hbox (16.74246pt too wide) in paragraph at lines 71--71
 [] [] 
 []

File: figures/logos/white.png Graphic file (type png)
<use figures/logos/white.png>
Package pdftex.def Info: figures/logos/white.png  used on input line 71.
(pdftex.def)             Requested size: 41.06567pt x 8.5359pt.



Overfull \hbox (11.9029pt too wide) has occurred while \output is active
 [][][][]  
 []


Overfull \hbox (16.74246pt too wide) has occurred while \output is active
 [] [] 
 []

[6

]
File: figures/logos/white.png Graphic file (type png)
<use figures/logos/white.png>
Package pdftex.def Info: figures/logos/white.png  used on input line 71.
(pdftex.def)             Requested size: 41.06567pt x 8.5359pt.



Overfull \hbox (11.9029pt too wide) has occurred while \output is active
 [][][][]  
 []


Overfull \hbox (16.74246pt too wide) has occurred while \output is active
 [] [] 
 []

[7

]
Overfull \hbox (11.9029pt too wide) in paragraph at lines 79--79
 [][][][]  
 []


Overfull \hbox (16.74246pt too wide) in paragraph at lines 79--79
 [] [] 
 []

<../../paper/figures/data_flow.png, id=227, 2509.375pt x 588.1975pt>
File: ../../paper/figures/data_flow.png Graphic file (type png)
<use ../../paper/figures/data_flow.png>
Package pdftex.def Info: ../../paper/figures/data_flow.png  used on input line 
79.
(pdftex.def)             Requested size: 342.2953pt x 80.22894pt.
File: figures/logos/white.png Graphic file (type png)
<use figures/logos/white.png>
Package pdftex.def Info: figures/logos/white.png  used on input line 79.
(pdftex.def)             Requested size: 41.06567pt x 8.5359pt.



Overfull \hbox (11.9029pt too wide) has occurred while \output is active
 [][][][]  
 []


Overfull \hbox (16.74246pt too wide) has occurred while \output is active
 [] [] 
 []

[8

 <../../paper/figures/data_flow.png>]
Overfull \hbox (11.9029pt too wide) in paragraph at lines 97--97
 [][][][]  
 []


Overfull \hbox (16.74246pt too wide) in paragraph at lines 97--97
 [] [] 
 []

File: figures/logos/white.png Graphic file (type png)
<use figures/logos/white.png>
Package pdftex.def Info: figures/logos/white.png  used on input line 97.
(pdftex.def)             Requested size: 41.06567pt x 8.5359pt.



Overfull \hbox (11.9029pt too wide) has occurred while \output is active
 [][][][]  
 []


Overfull \hbox (16.74246pt too wide) has occurred while \output is active
 [] [] 
 []

[9

]
Overfull \hbox (11.9029pt too wide) in paragraph at lines 105--105
 [][][][]  
 []


Overfull \hbox (16.74246pt too wide) in paragraph at lines 105--105
 [] [] 
 []

<../../paper/figures/quantile_loss.png, id=284, 765.86125pt x 531.9875pt>
File: ../../paper/figures/quantile_loss.png Graphic file (type png)
<use ../../paper/figures/quantile_loss.png>
Package pdftex.def Info: ../../paper/figures/quantile_loss.png  used on input l
ine 105.
(pdftex.def)             Requested size: 262.49287pt x 182.3345pt.
File: figures/logos/white.png Graphic file (type png)
<use figures/logos/white.png>
Package pdftex.def Info: figures/logos/white.png  used on input line 105.
(pdftex.def)             Requested size: 41.06567pt x 8.5359pt.



Overfull \hbox (11.9029pt too wide) has occurred while \output is active
 [][][][]  
 []


Overfull \hbox (16.74246pt too wide) has occurred while \output is active
 [] [] 
 []

[10

 <../../paper/figures/quantile_loss.png>]
Overfull \hbox (11.9029pt too wide) in paragraph at lines 122--122
 [][][][]  
 []


Overfull \hbox (16.74246pt too wide) in paragraph at lines 122--122
 [] [] 
 []

File: figures/logos/white.png Graphic file (type png)
<use figures/logos/white.png>
Package pdftex.def Info: figures/logos/white.png  used on input line 122.
(pdftex.def)             Requested size: 41.06567pt x 8.5359pt.



Overfull \hbox (11.9029pt too wide) has occurred while \output is active
 [][][][]  
 []


Overfull \hbox (16.74246pt too wide) has occurred while \output is active
 [] [] 
 []

[11

]
Overfull \hbox (11.9029pt too wide) in paragraph at lines 135--135
 [][][][]  
 []


Overfull \hbox (16.74246pt too wide) in paragraph at lines 135--135
 [] [] 
 []

(../../paper/tables/target_examples.tex
LaTeX Font Info:    Trying to load font information for TS1+cmss on input line 
12.

(/usr/local/texlive/2024basic/texmf-dist/tex/latex/base/ts1cmss.fd
File: ts1cmss.fd 2023/04/13 v2.5m Standard LaTeX font definitions
))
File: figures/logos/white.png Graphic file (type png)
<use figures/logos/white.png>
Package pdftex.def Info: figures/logos/white.png  used on input line 135.
(pdftex.def)             Requested size: 41.06567pt x 8.5359pt.



Overfull \hbox (11.9029pt too wide) has occurred while \output is active
 [][][][]  
 []


Overfull \hbox (16.74246pt too wide) has occurred while \output is active
 [] [] 
 []

[12

]
Overfull \hbox (11.9029pt too wide) in paragraph at lines 147--147
 [][][][]  
 []


Overfull \hbox (16.74246pt too wide) in paragraph at lines 147--147
 [] [] 
 []

<../../paper/figures/ecps_vs_cps_puf.png, id=373, 827.09pt x 372.39125pt>
File: ../../paper/figures/ecps_vs_cps_puf.png Graphic file (type png)
<use ../../paper/figures/ecps_vs_cps_puf.png>
Package pdftex.def Info: ../../paper/figures/ecps_vs_cps_puf.png  used on input
 line 147.
(pdftex.def)             Requested size: 342.2953pt x 154.119pt.
File: figures/logos/white.png Graphic file (type png)
<use figures/logos/white.png>
Package pdftex.def Info: figures/logos/white.png  used on input line 147.
(pdftex.def)             Requested size: 41.06567pt x 8.5359pt.



Overfull \hbox (11.9029pt too wide) has occurred while \output is active
 [][][][]  
 []


Overfull \hbox (16.74246pt too wide) has occurred while \output is active
 [] [] 
 []

[13

 <../../paper/figures/ecps_vs_cps_puf.png>]
Overfull \hbox (11.9029pt too wide) in paragraph at lines 160--160
 [][][][]  
 []


Overfull \hbox (16.74246pt too wide) in paragraph at lines 160--160
 [] [] 
 []

(../../paper/tables/tax_unit_metrics.tex)
File: figures/logos/white.png Graphic file (type png)
<use figures/logos/white.png>
Package pdftex.def Info: figures/logos/white.png  used on input line 160.
(pdftex.def)             Requested size: 41.06567pt x 8.5359pt.



Overfull \hbox (11.9029pt too wide) has occurred while \output is active
 [][][][]  
 []


Overfull \hbox (16.74246pt too wide) has occurred while \output is active
 [] [] 
 []

[14

]
Overfull \hbox (11.9029pt too wide) in paragraph at lines 175--175
 [][][][]  
 []


Overfull \hbox (16.74246pt too wide) in paragraph at lines 175--175
 [] [] 
 []

(../../paper/tables/top_rate_reform.tex
Overfull \hbox (75.50204pt too wide) in paragraph at lines 5--14
 [] 
 []

)
File: figures/logos/white.png Graphic file (type png)
<use figures/logos/white.png>
Package pdftex.def Info: figures/logos/white.png  used on input line 175.
(pdftex.def)             Requested size: 41.06567pt x 8.5359pt.



Overfull \hbox (11.9029pt too wide) has occurred while \output is active
 [][][][]  
 []


Overfull \hbox (16.74246pt too wide) has occurred while \output is active
 [] [] 
 []

[15

]
Overfull \hbox (11.9029pt too wide) in paragraph at lines 194--194
 [][][][]  
 []


Overfull \hbox (16.74246pt too wide) in paragraph at lines 194--194
 [] [] 
 []

File: figures/logos/white.png Graphic file (type png)
<use figures/logos/white.png>
Package pdftex.def Info: figures/logos/white.png  used on input line 194.
(pdftex.def)             Requested size: 41.06567pt x 8.5359pt.



Overfull \hbox (11.9029pt too wide) has occurred while \output is active
 [][][][]  
 []


Overfull \hbox (16.74246pt too wide) has occurred while \output is active
 [] [] 
 []

[16

]
Overfull \hbox (11.9029pt too wide) in paragraph at lines 217--217
 [][][][]  
 []


Overfull \hbox (16.74246pt too wide) in paragraph at lines 217--217
 [] [] 
 []

File: figures/logos/white.png Graphic file (type png)
<use figures/logos/white.png>
Package pdftex.def Info: figures/logos/white.png  used on input line 217.
(pdftex.def)             Requested size: 41.06567pt x 8.5359pt.



Overfull \hbox (11.9029pt too wide) has occurred while \output is active
 [][][][]  
 []


Overfull \hbox (16.74246pt too wide) has occurred while \output is active
 [] [] 
 []

[17

]
Overfull \hbox (11.9029pt too wide) in paragraph at lines 242--242
 [][][][]  
 []


Overfull \hbox (16.74246pt too wide) in paragraph at lines 242--242
 [] [] 
 []

File: figures/logos/white.png Graphic file (type png)
<use figures/logos/white.png>
Package pdftex.def Info: figures/logos/white.png  used on input line 242.
(pdftex.def)             Requested size: 41.06567pt x 8.5359pt.



Overfull \hbox (11.9029pt too wide) has occurred while \output is active
 [][][][]  
 []


Overfull \hbox (16.74246pt too wide) has occurred while \output is active
 [] [] 
 []

[18

]
Overfull \hbox (11.9029pt too wide) in paragraph at lines 250--250
 [][][][]  
 []


Overfull \hbox (16.74246pt too wide) in paragraph at lines 250--250
 [] [] 
 []

<../../paper/figures/policyengine_policy.png, id=543, 1925.1925pt x 993.7125pt>

File: ../../paper/figures/policyengine_policy.png Graphic file (type png)
<use ../../paper/figures/policyengine_policy.png>
Package pdftex.def Info: ../../paper/figures/policyengine_policy.png  used on i
nput line 250.
(pdftex.def)             Requested size: 342.2953pt x 176.67708pt.
File: figures/logos/white.png Graphic file (type png)
<use figures/logos/white.png>
Package pdftex.def Info: figures/logos/white.png  used on input line 250.
(pdftex.def)             Requested size: 41.06567pt x 8.5359pt.



Overfull \hbox (11.9029pt too wide) has occurred while \output is active
 [][][][]  
 []


Overfull \hbox (16.74246pt too wide) has occurred while \output is active
 [] [] 
 []

[19

 <../../paper/figures/policyengine_policy.png>]
Overfull \hbox (11.9029pt too wide) in paragraph at lines 258--258
 [][][][]  
 []


Overfull \hbox (16.74246pt too wide) in paragraph at lines 258--258
 [] [] 
 []

<../../paper/figures/policyengine_results.png, id=573, 1912.14375pt x 996.72375
pt>
File: ../../paper/figures/policyengine_results.png Graphic file (type png)
<use ../../paper/figures/policyengine_results.png>
Package pdftex.def Info: ../../paper/figures/policyengine_results.png  used on 
input line 258.
(pdftex.def)             Requested size: 342.2953pt x 178.41396pt.
File: figures/logos/white.png Graphic file (type png)
<use figures/logos/white.png>
Package pdftex.def Info: figures/logos/white.png  used on input line 258.
(pdftex.def)             Requested size: 41.06567pt x 8.5359pt.



Overfull \hbox (11.9029pt too wide) has occurred while \output is active
 [][][][]  
 []


Overfull \hbox (16.74246pt too wide) has occurred while \output is active
 [] [] 
 []

[20

 <../../paper/figures/policyengine_results.png>]
Overfull \hbox (11.9029pt too wide) in paragraph at lines 267--267
 [][][][]  
 []


Overfull \hbox (16.74246pt too wide) in paragraph at lines 267--267
 [] [] 
 []

<../../paper/figures/uk_choropleth.png, id=603, 1122.1925pt x 632.3625pt>
File: ../../paper/figures/uk_choropleth.png Graphic file (type png)
<use ../../paper/figures/uk_choropleth.png>
Package pdftex.def Info: ../../paper/figures/uk_choropleth.png  used on input l
ine 267.
(pdftex.def)             Requested size: 342.2953pt x 192.88475pt.
File: figures/logos/white.png Graphic file (type png)
<use figures/logos/white.png>
Package pdftex.def Info: figures/logos/white.png  used on input line 267.
(pdftex.def)             Requested size: 41.06567pt x 8.5359pt.



Overfull \hbox (11.9029pt too wide) has occurred while \output is active
 [][][][]  
 []


Overfull \hbox (16.74246pt too wide) has occurred while \output is active
 [] [] 
 []

[21

 <../../paper/figures/uk_choropleth.png>]
Overfull \hbox (11.9029pt too wide) in paragraph at lines 275--275
 [][][][]  
 []


Overfull \hbox (16.74246pt too wide) in paragraph at lines 275--275
 [] [] 
 []

<../../paper/figures/uk_local_dashboard.png, id=632, 1927.2pt x 1084.05pt>
File: ../../paper/figures/uk_local_dashboard.png Graphic file (type png)
<use ../../paper/figures/uk_local_dashboard.png>
Package pdftex.def Info: ../../paper/figures/uk_local_dashboard.png  used on in
put line 275.
(pdftex.def)             Requested size: 342.2953pt x 192.54015pt.
File: figures/logos/white.png Graphic file (type png)
<use figures/logos/white.png>
Package pdftex.def Info: figures/logos/white.png  used on input line 275.
(pdftex.def)             Requested size: 41.06567pt x 8.5359pt.



Overfull \hbox (11.9029pt too wide) has occurred while \output is active
 [][][][]  
 []


Overfull \hbox (16.74246pt too wide) has occurred while \output is active
 [] [] 
 []

[22

 <../../paper/figures/uk_local_dashboard.png>]
Overfull \hbox (11.9029pt too wide) in paragraph at lines 291--291
 [][][][]  
 []


Overfull \hbox (16.74246pt too wide) in paragraph at lines 291--291
 [] [] 
 []

File: figures/logos/white.png Graphic file (type png)
<use figures/logos/white.png>
Package pdftex.def Info: figures/logos/white.png  used on input line 291.
(pdftex.def)             Requested size: 41.06567pt x 8.5359pt.



Overfull \hbox (11.9029pt too wide) has occurred while \output is active
 [][][][]  
 []


Overfull \hbox (16.74246pt too wide) has occurred while \output is active
 [] [] 
 []

[23

]
Overfull \hbox (11.9029pt too wide) in paragraph at lines 315--315
 [][][][]  
 []


Overfull \hbox (16.74246pt too wide) in paragraph at lines 315--315
 [] [] 
 []

File: figures/logos/white.png Graphic file (type png)
<use figures/logos/white.png>
Package pdftex.def Info: figures/logos/white.png  used on input line 315.
(pdftex.def)             Requested size: 41.06567pt x 8.5359pt.



Overfull \hbox (11.9029pt too wide) has occurred while \output is active
 [][][][]  
 []


Overfull \hbox (16.74246pt too wide) has occurred while \output is active
 [] [] 
 []

[24

]
Overfull \hbox (11.9029pt too wide) in paragraph at lines 324--324
 [][][][]  
 []


Overfull \hbox (16.74246pt too wide) in paragraph at lines 324--324
 [] [] 
 []

File: figures/logos/white.png Graphic file (type png)
<use figures/logos/white.png>
Package pdftex.def Info: figures/logos/white.png  used on input line 324.
(pdftex.def)             Requested size: 41.06567pt x 8.5359pt.



Overfull \hbox (11.9029pt too wide) has occurred while \output is active
 [][][][]  
 []


Overfull \hbox (16.74246pt too wide) has occurred while \output is active
 [] [] 
 []

[25

]
\tf@nav=\write6
\openout6 = `sge_2025_slides.nav'.

\tf@toc=\write7
\openout7 = `sge_2025_slides.toc'.

\tf@snm=\write8
\openout8 = `sge_2025_slides.snm'.

 (./sge_2025_slides.aux)
 ***********
LaTeX2e <2024-11-01>
L3 programming layer <2024-11-02>
 ***********
Package rerunfilecheck Info: File `sge_2025_slides.out' has not changed.
(rerunfilecheck)             Checksum: D41D8CD98F00B204E9800998ECF8427E;0.
 ) 
Here is how much of TeX's memory you used:
 21866 strings out of 474813
 426967 string characters out of 5755170
 787472 words of memory out of 5000000
 44255 multiletter control sequences out of 15000+600000
 569203 words of font info for 77 fonts, out of 8000000 for 9000
 319 hyphenation exceptions out of 8191
 101i,17n,107p,392b,569s stack positions out of 10000i,1000n,20000p,200000b,200000s
 </Users/maxghenis/Library/texlive/2024basic/texmf-var/fonts/pk/ljfour/jknapp
en/ec/tcss1095.600pk> </Users/maxghenis/Library/texlive/2024basic/texmf-var/fon
ts/pk/ljfour/jknappen/ec/tcss1000.600pk></usr/local/texlive/2024basic/texmf-dis
t/fonts/type1/public/amsfonts/cm/cmex10.pfb></usr/local/texlive/2024basic/texmf
-dist/fonts/type1/public/amsfonts/cm/cmmi8.pfb></usr/local/texlive/2024basic/te
xmf-dist/fonts/type1/public/amsfonts/cm/cmss10.pfb></usr/local/texlive/2024basi
c/texmf-dist/fonts/type1/public/amsfonts/cm/cmss12.pfb></usr/local/texlive/2024
basic/texmf-dist/fonts/type1/public/amsfonts/cm/cmss8.pfb></usr/local/texlive/2
024basic/texmf-dist/fonts/type1/public/amsfonts/cm/cmssi10.pfb></usr/local/texl
ive/2024basic/texmf-dist/fonts/type1/public/amsfonts/cm/cmssi8.pfb></usr/local/
texlive/2024basic/texmf-dist/fonts/type1/public/amsfonts/cm/cmsy10.pfb></usr/lo
cal/texlive/2024basic/texmf-dist/fonts/type1/public/amsfonts/cm/cmtt10.pfb>
Output written on sge_2025_slides.pdf (25 pages, 2637581 bytes).
PDF statistics:
 802 PDF objects out of 1000 (max. 8388607)
 695 compressed objects within 7 object streams
 54 named destinations out of 1000 (max. 500000)
 124 words of extra memory for PDF output out of 10000 (max. 10000000)

